05-25 10:48:37 replicate_layout.action_replicate_layout 305:Plugin executed on: 'linux'
05-25 10:48:37 replicate_layout.action_replicate_layout 306:Plugin executed with python version: '3.8.3 (default, May 17 2020, 18:15:42) \n[GCC 10.1.0]'
05-25 10:48:37 replicate_layout.action_replicate_layout 307:KiCad build version: 5.1.6
05-25 10:48:37 replicate_layout.action_replicate_layout 308:Replicate layout plugin version: 64 started
05-25 10:48:37 replicate_layout.action_replicate_layout 340:Preparing replicator with U8 as a reference
05-25 10:48:37 replicate_layout.replicatelayout 211:getting project hierarchy from schematics
05-25 10:48:37 replicate_layout.replicatelayout 213:Project hierarchy looks like:
{'5D61D488': ['ADC', '/home/jost/Projects/STM/Electronics/Mainboard/ADC.sch'], '5ECB043D': ['Beaglebone', '/home/jost/Projects/STM/Electronics/Mainboard/Beaglebone.sch'], '5ED2FDF6': ['Stepper-Driver', '/home/jost/Projects/STM/Electronics/Mainboard/Stepper-Driver.sch'], '5ED66353': ['Power', '/home/jost/Projects/STM/Electronics/Mainboard/Power.sch'], '5D61E7C2': ['Piezo-DACs', '/home/jost/Projects/STM/Electronics/Mainboard/Piezo-DACs.sch'], '5ECB9506': ['DAC_-Z', '/home/jost/Projects/STM/Electronics/Mainboard/Single-DAC.sch'], '5EEC97A0': ['DAC-Y', '/home/jost/Projects/STM/Electronics/Mainboard/Single-DAC.sch'], '5DAA6516': ['DAC-X', '/home/jost/Projects/STM/Electronics/Mainboard/Single-DAC.sch'], '5EE4ADA7': ['Reference', '/home/jost/Projects/STM/Electronics/Mainboard/Reference.sch'], '5EE5BDE4': ['Bias-DAC', '/home/jost/Projects/STM/Electronics/Mainboard/Bias-DAC.sch']}
05-25 10:48:37 replicate_layout.replicatelayout 221:getting a list of all footprints on board
05-25 10:48:37 replicate_layout.action_replicate_layout 366:source anchor footprint is 'U8'
Located on:['Piezo-DACs', 'DAC-X']
With filenames:['Piezo-DACs.sch', 'Single-DAC.sch']
With sheet_id:['Piezo-DACs', 'DAC-X']
05-25 10:48:37 replicate_layout.action_replicate_layout 371:Corresponding footprints are 
[('U11', ['Piezo-DACs', 'DAC_-Z']), ('U5', ['Piezo-DACs', 'DAC-Y']), ('U8', ['Piezo-DACs', 'DAC-X'])]
05-25 10:48:37 replicate_layout.action_replicate_layout 384:Showing dialog
05-25 10:48:37 replicate_layout.action_replicate_layout 388:Pcbnew position: wx.Point(0, 60)
05-25 10:48:37 replicate_layout.action_replicate_layout 394:Display 0: wx.Rect(0, 0, 1366, 768)
05-25 10:48:37 replicate_layout.action_replicate_layout 398:Toolbar position: wx.Point(1330, 124)
05-25 10:48:37 replicate_layout.action_replicate_layout 405:Dialog position: wx.Point(1017, 124)
05-25 10:48:37 replicate_layout.replicatelayout 245:construcing a list of sheets suitable for replication on level:'Piezo-DACs', file:'Piezo-DACs.sch'
05-25 10:48:37 replicate_layout.replicatelayout 252:Source sheet path up to the level:['Piezo-DACs']
05-25 10:48:37 replicate_layout.replicatelayout 256:Footprints on the sheets:
['U11', 'U5', 'U8']
05-25 10:48:37 replicate_layout.replicatelayout 259:Footprints raw sheet ids:
['/5D61E7C2/5ECB9506/5DA35D26', '/5D61E7C2/5EEC97A0/5DA35D26', '/5D61E7C2/5DAA6516/5DA35D26']
05-25 10:48:37 replicate_layout.replicatelayout 275:All sheets to replicate:
[['Piezo-DACs'], ['Piezo-DACs'], ['Piezo-DACs']]
05-25 10:48:37 replicate_layout.replicatelayout 280:All sheets to replicate sorted:
[['Piezo-DACs']]
05-25 10:48:37 replicate_layout.replicatelayout 286:All sheets to replicate sorted and without source sheet:
[]
05-25 10:48:44 replicate_layout.replicatelayout 245:construcing a list of sheets suitable for replication on level:'DAC-X', file:'Single-DAC.sch'
05-25 10:48:44 replicate_layout.replicatelayout 252:Source sheet path up to the level:['Piezo-DACs', 'DAC-X']
05-25 10:48:44 replicate_layout.replicatelayout 256:Footprints on the sheets:
['U11', 'U5', 'U8']
05-25 10:48:44 replicate_layout.replicatelayout 259:Footprints raw sheet ids:
['/5D61E7C2/5ECB9506/5DA35D26', '/5D61E7C2/5EEC97A0/5DA35D26', '/5D61E7C2/5DAA6516/5DA35D26']
05-25 10:48:44 replicate_layout.replicatelayout 275:All sheets to replicate:
[['Piezo-DACs', 'DAC_-Z'], ['Piezo-DACs', 'DAC-Y'], ['Piezo-DACs', 'DAC-X']]
05-25 10:48:44 replicate_layout.replicatelayout 280:All sheets to replicate sorted:
[['Piezo-DACs', 'DAC-X'], ['Piezo-DACs', 'DAC-Y'], ['Piezo-DACs', 'DAC_-Z']]
05-25 10:48:44 replicate_layout.replicatelayout 286:All sheets to replicate sorted and without source sheet:
[['Piezo-DACs', 'DAC-Y'], ['Piezo-DACs', 'DAC_-Z']]
05-25 10:48:45 replicate_layout.replicatelayout 245:construcing a list of sheets suitable for replication on level:'DAC-X', file:'Single-DAC.sch'
05-25 10:48:45 replicate_layout.replicatelayout 252:Source sheet path up to the level:['Piezo-DACs', 'DAC-X']
05-25 10:48:45 replicate_layout.replicatelayout 256:Footprints on the sheets:
['U11', 'U5', 'U8']
05-25 10:48:45 replicate_layout.replicatelayout 259:Footprints raw sheet ids:
['/5D61E7C2/5ECB9506/5DA35D26', '/5D61E7C2/5EEC97A0/5DA35D26', '/5D61E7C2/5DAA6516/5DA35D26']
05-25 10:48:45 replicate_layout.replicatelayout 275:All sheets to replicate:
[['Piezo-DACs', 'DAC_-Z'], ['Piezo-DACs', 'DAC-Y'], ['Piezo-DACs', 'DAC-X']]
05-25 10:48:45 replicate_layout.replicatelayout 280:All sheets to replicate sorted:
[['Piezo-DACs', 'DAC-X'], ['Piezo-DACs', 'DAC-Y'], ['Piezo-DACs', 'DAC_-Z']]
05-25 10:48:45 replicate_layout.replicatelayout 286:All sheets to replicate sorted and without source sheet:
[['Piezo-DACs', 'DAC-Y'], ['Piezo-DACs', 'DAC_-Z']]
05-25 10:48:45 replicate_layout.action_replicate_layout 179:Replicating layout
05-25 10:48:45 replicate_layout.replicatelayout 983:Starting replication of sheets: [['Piezo-DACs', 'DAC-Y'], ['Piezo-DACs', 'DAC_-Z']]
on level: ['Piezo-DACs', 'DAC-X']
with tracks=True, zone=True, text=True, containing=True, remove=False, locked=False
05-25 10:48:45 root 261:updating GUI message: 'Preparing for replication'
05-25 10:48:45 replicate_layout.replicatelayout 552:Getting the list of source footprints
05-25 10:48:45 root 266:updating GUI with: 0
05-25 10:48:45 replicate_layout.replicatelayout 556:Getting the list of all the remaining footprints
05-25 10:48:45 root 266:updating GUI with: 12
05-25 10:48:45 replicate_layout.replicatelayout 560:Getting nets local to source footprints
05-25 10:48:45 root 266:updating GUI with: 25
05-25 10:48:46 replicate_layout.replicatelayout 564:Getting source bounding box
05-25 10:48:46 root 266:updating GUI with: 37
05-25 10:48:46 replicate_layout.replicatelayout 568:Getting source tracks
05-25 10:48:46 root 266:updating GUI with: 50
05-25 10:48:46 replicate_layout.replicatelayout 572:Getting source zones
05-25 10:48:46 root 266:updating GUI with: 62
05-25 10:48:46 replicate_layout.replicatelayout 576:Getting source text items
05-25 10:48:46 root 266:updating GUI with: 75
05-25 10:48:46 replicate_layout.replicatelayout 580:Getting source text items
05-25 10:48:46 root 266:updating GUI with: 87
05-25 10:48:46 root 266:updating GUI with: 100
05-25 10:48:46 root 261:updating GUI message: 'Replicating footprints'
05-25 10:48:46 root 266:updating GUI with: 0
05-25 10:48:46 replicate_layout.replicatelayout 586:Replicating footprints
05-25 10:48:46 root 266:updating GUI with: 0
05-25 10:48:46 replicate_layout.replicatelayout 592:Replicating footprints on sheet ['Piezo-DACs', 'DAC-Y']
05-25 10:48:46 root 266:updating GUI with: 2
05-25 10:48:46 root 266:updating GUI with: 4
05-25 10:48:46 root 266:updating GUI with: 7
05-25 10:48:46 root 266:updating GUI with: 9
05-25 10:48:46 root 266:updating GUI with: 11
05-25 10:48:46 root 266:updating GUI with: 14
05-25 10:48:46 root 266:updating GUI with: 16
05-25 10:48:46 root 266:updating GUI with: 19
05-25 10:48:46 root 266:updating GUI with: 21
05-25 10:48:46 root 266:updating GUI with: 23
05-25 10:48:46 root 266:updating GUI with: 26
05-25 10:48:46 root 266:updating GUI with: 28
05-25 10:48:46 root 266:updating GUI with: 30
05-25 10:48:46 root 266:updating GUI with: 33
05-25 10:48:46 root 266:updating GUI with: 35
05-25 10:48:46 root 266:updating GUI with: 38
05-25 10:48:46 root 266:updating GUI with: 40
05-25 10:48:46 root 266:updating GUI with: 42
05-25 10:48:46 root 266:updating GUI with: 45
05-25 10:48:46 root 266:updating GUI with: 47
05-25 10:48:46 root 266:updating GUI with: 50
05-25 10:48:46 root 266:updating GUI with: 50
05-25 10:48:46 replicate_layout.replicatelayout 592:Replicating footprints on sheet ['Piezo-DACs', 'DAC_-Z']
05-25 10:48:46 root 266:updating GUI with: 52
05-25 10:48:46 root 266:updating GUI with: 54
05-25 10:48:46 root 266:updating GUI with: 57
05-25 10:48:46 root 266:updating GUI with: 59
05-25 10:48:46 root 266:updating GUI with: 61
05-25 10:48:46 root 266:updating GUI with: 64
05-25 10:48:46 root 266:updating GUI with: 66
05-25 10:48:46 root 266:updating GUI with: 69
05-25 10:48:46 root 266:updating GUI with: 71
05-25 10:48:46 root 266:updating GUI with: 73
05-25 10:48:46 root 266:updating GUI with: 76
05-25 10:48:46 root 266:updating GUI with: 78
05-25 10:48:47 root 266:updating GUI with: 80
05-25 10:48:47 root 266:updating GUI with: 83
05-25 10:48:47 root 266:updating GUI with: 85
05-25 10:48:47 root 266:updating GUI with: 88
05-25 10:48:47 root 266:updating GUI with: 90
05-25 10:48:47 root 266:updating GUI with: 92
05-25 10:48:47 root 266:updating GUI with: 95
05-25 10:48:47 root 266:updating GUI with: 97
05-25 10:48:47 root 266:updating GUI with: 100
05-25 10:48:47 root 261:updating GUI message: 'Replicating tracks'
05-25 10:48:47 replicate_layout.replicatelayout 712:Replicating tracks
05-25 10:48:47 root 266:updating GUI with: 0
05-25 10:48:47 replicate_layout.replicatelayout 718:Replicating tracks on sheet ['Piezo-DACs', 'DAC-Y']
05-25 10:48:47 root 266:updating GUI with: 0
05-25 10:48:47 root 266:updating GUI with: 0
05-25 10:48:47 root 266:updating GUI with: 0
05-25 10:48:47 root 266:updating GUI with: 1
05-25 10:48:47 root 266:updating GUI with: 1
05-25 10:48:47 root 266:updating GUI with: 1
05-25 10:48:47 root 266:updating GUI with: 1
05-25 10:48:47 root 266:updating GUI with: 2
05-25 10:48:47 root 266:updating GUI with: 2
05-25 10:48:47 root 266:updating GUI with: 2
05-25 10:48:47 root 266:updating GUI with: 2
05-25 10:48:47 root 266:updating GUI with: 3
05-25 10:48:47 root 266:updating GUI with: 3
05-25 10:48:47 root 266:updating GUI with: 3
05-25 10:48:47 root 266:updating GUI with: 3
05-25 10:48:47 root 266:updating GUI with: 4
05-25 10:48:47 root 266:updating GUI with: 4
05-25 10:48:47 root 266:updating GUI with: 4
05-25 10:48:47 root 266:updating GUI with: 4
05-25 10:48:47 root 266:updating GUI with: 5
05-25 10:48:47 root 266:updating GUI with: 5
05-25 10:48:47 root 266:updating GUI with: 5
05-25 10:48:47 root 266:updating GUI with: 5
05-25 10:48:47 root 266:updating GUI with: 6
05-25 10:48:47 root 266:updating GUI with: 6
05-25 10:48:47 root 266:updating GUI with: 6
05-25 10:48:47 root 266:updating GUI with: 6
05-25 10:48:47 root 266:updating GUI with: 7
05-25 10:48:47 root 266:updating GUI with: 7
05-25 10:48:47 root 266:updating GUI with: 7
05-25 10:48:47 root 266:updating GUI with: 7
05-25 10:48:47 root 266:updating GUI with: 8
05-25 10:48:47 root 266:updating GUI with: 8
05-25 10:48:47 root 266:updating GUI with: 8
05-25 10:48:47 root 266:updating GUI with: 8
05-25 10:48:47 root 266:updating GUI with: 9
05-25 10:48:47 root 266:updating GUI with: 9
05-25 10:48:47 root 266:updating GUI with: 9
05-25 10:48:47 root 266:updating GUI with: 9
05-25 10:48:47 root 266:updating GUI with: 10
05-25 10:48:47 root 266:updating GUI with: 10
05-25 10:48:47 root 266:updating GUI with: 10
05-25 10:48:47 root 266:updating GUI with: 10
05-25 10:48:47 root 266:updating GUI with: 11
05-25 10:48:47 root 266:updating GUI with: 11
05-25 10:48:47 root 266:updating GUI with: 11
05-25 10:48:47 root 266:updating GUI with: 11
05-25 10:48:47 root 266:updating GUI with: 12
05-25 10:48:47 root 266:updating GUI with: 12
05-25 10:48:47 root 266:updating GUI with: 12
05-25 10:48:48 root 266:updating GUI with: 12
05-25 10:48:48 root 266:updating GUI with: 13
05-25 10:48:48 root 266:updating GUI with: 13
05-25 10:48:48 root 266:updating GUI with: 13
05-25 10:48:48 root 266:updating GUI with: 13
05-25 10:48:48 root 266:updating GUI with: 14
05-25 10:48:48 root 266:updating GUI with: 14
05-25 10:48:48 root 266:updating GUI with: 14
05-25 10:48:48 root 266:updating GUI with: 14
05-25 10:48:48 root 266:updating GUI with: 15
05-25 10:48:48 root 266:updating GUI with: 15
05-25 10:48:48 root 266:updating GUI with: 15
05-25 10:48:48 root 266:updating GUI with: 15
05-25 10:48:48 root 266:updating GUI with: 16
05-25 10:48:48 root 266:updating GUI with: 16
05-25 10:48:48 root 266:updating GUI with: 16
05-25 10:48:48 root 266:updating GUI with: 16
05-25 10:48:48 root 266:updating GUI with: 17
05-25 10:48:48 root 266:updating GUI with: 17
05-25 10:48:48 root 266:updating GUI with: 17
05-25 10:48:48 root 266:updating GUI with: 17
05-25 10:48:48 root 266:updating GUI with: 18
05-25 10:48:48 root 266:updating GUI with: 18
05-25 10:48:48 root 266:updating GUI with: 18
05-25 10:48:48 root 266:updating GUI with: 18
05-25 10:48:48 root 266:updating GUI with: 19
05-25 10:48:48 root 266:updating GUI with: 19
05-25 10:48:48 root 266:updating GUI with: 19
05-25 10:48:48 root 266:updating GUI with: 19
05-25 10:48:48 root 266:updating GUI with: 20
05-25 10:48:48 root 266:updating GUI with: 20
05-25 10:48:48 root 266:updating GUI with: 20
05-25 10:48:48 root 266:updating GUI with: 20
05-25 10:48:48 root 266:updating GUI with: 21
05-25 10:48:48 root 266:updating GUI with: 21
05-25 10:48:48 root 266:updating GUI with: 21
05-25 10:48:48 root 266:updating GUI with: 21
05-25 10:48:48 root 266:updating GUI with: 22
05-25 10:48:48 root 266:updating GUI with: 22
05-25 10:48:48 root 266:updating GUI with: 22
05-25 10:48:48 root 266:updating GUI with: 22
05-25 10:48:48 root 266:updating GUI with: 23
05-25 10:48:48 root 266:updating GUI with: 23
05-25 10:48:48 root 266:updating GUI with: 23
05-25 10:48:48 root 266:updating GUI with: 23
05-25 10:48:48 root 266:updating GUI with: 24
05-25 10:48:48 root 266:updating GUI with: 24
05-25 10:48:48 root 266:updating GUI with: 24
05-25 10:48:48 root 266:updating GUI with: 24
05-25 10:48:48 root 266:updating GUI with: 25
05-25 10:48:48 root 266:updating GUI with: 25
05-25 10:48:48 root 266:updating GUI with: 25
05-25 10:48:48 root 266:updating GUI with: 26
05-25 10:48:48 root 266:updating GUI with: 26
05-25 10:48:48 root 266:updating GUI with: 26
05-25 10:48:48 root 266:updating GUI with: 26
05-25 10:48:48 root 266:updating GUI with: 27
05-25 10:48:48 root 266:updating GUI with: 27
05-25 10:48:48 root 266:updating GUI with: 27
05-25 10:48:48 root 266:updating GUI with: 27
05-25 10:48:48 root 266:updating GUI with: 28
05-25 10:48:49 root 266:updating GUI with: 28
05-25 10:48:49 root 266:updating GUI with: 28
05-25 10:48:49 root 266:updating GUI with: 28
05-25 10:48:49 root 266:updating GUI with: 29
05-25 10:48:49 root 266:updating GUI with: 29
05-25 10:48:49 root 266:updating GUI with: 29
05-25 10:48:49 root 266:updating GUI with: 29
05-25 10:48:49 root 266:updating GUI with: 30
05-25 10:48:49 root 266:updating GUI with: 30
05-25 10:48:49 root 266:updating GUI with: 30
05-25 10:48:49 root 266:updating GUI with: 30
05-25 10:48:49 root 266:updating GUI with: 31
05-25 10:48:49 root 266:updating GUI with: 31
05-25 10:48:49 root 266:updating GUI with: 31
05-25 10:48:49 root 266:updating GUI with: 31
05-25 10:48:49 root 266:updating GUI with: 32
05-25 10:48:49 root 266:updating GUI with: 32
05-25 10:48:49 root 266:updating GUI with: 32
05-25 10:48:49 root 266:updating GUI with: 32
05-25 10:48:49 root 266:updating GUI with: 33
05-25 10:48:49 root 266:updating GUI with: 33
05-25 10:48:49 root 266:updating GUI with: 33
05-25 10:48:49 root 266:updating GUI with: 33
05-25 10:48:49 root 266:updating GUI with: 34
05-25 10:48:49 root 266:updating GUI with: 34
05-25 10:48:49 root 266:updating GUI with: 34
05-25 10:48:49 root 266:updating GUI with: 34
05-25 10:48:49 root 266:updating GUI with: 35
05-25 10:48:49 root 266:updating GUI with: 35
05-25 10:48:49 root 266:updating GUI with: 35
05-25 10:48:49 root 266:updating GUI with: 35
05-25 10:48:49 root 266:updating GUI with: 36
05-25 10:48:49 root 266:updating GUI with: 36
05-25 10:48:49 root 266:updating GUI with: 36
05-25 10:48:49 root 266:updating GUI with: 36
05-25 10:48:49 root 266:updating GUI with: 37
05-25 10:48:49 root 266:updating GUI with: 37
05-25 10:48:49 root 266:updating GUI with: 37
05-25 10:48:49 root 266:updating GUI with: 37
05-25 10:48:49 root 266:updating GUI with: 38
05-25 10:48:49 root 266:updating GUI with: 38
05-25 10:48:49 root 266:updating GUI with: 38
05-25 10:48:49 root 266:updating GUI with: 38
05-25 10:48:49 root 266:updating GUI with: 39
05-25 10:48:49 root 266:updating GUI with: 39
05-25 10:48:49 root 266:updating GUI with: 39
05-25 10:48:49 root 266:updating GUI with: 39
05-25 10:48:49 root 266:updating GUI with: 40
05-25 10:48:49 root 266:updating GUI with: 40
05-25 10:48:49 root 266:updating GUI with: 40
05-25 10:48:49 root 266:updating GUI with: 40
05-25 10:48:49 root 266:updating GUI with: 41
05-25 10:48:49 root 266:updating GUI with: 41
05-25 10:48:49 root 266:updating GUI with: 41
05-25 10:48:49 root 266:updating GUI with: 41
05-25 10:48:49 root 266:updating GUI with: 42
05-25 10:48:49 root 266:updating GUI with: 42
05-25 10:48:49 root 266:updating GUI with: 42
05-25 10:48:49 root 266:updating GUI with: 42
05-25 10:48:49 root 266:updating GUI with: 43
05-25 10:48:49 root 266:updating GUI with: 43
05-25 10:48:49 root 266:updating GUI with: 43
05-25 10:48:50 root 266:updating GUI with: 43
05-25 10:48:50 root 266:updating GUI with: 44
05-25 10:48:50 root 266:updating GUI with: 44
05-25 10:48:50 root 266:updating GUI with: 44
05-25 10:48:50 root 266:updating GUI with: 44
05-25 10:48:50 root 266:updating GUI with: 45
05-25 10:48:50 root 266:updating GUI with: 45
05-25 10:48:50 root 266:updating GUI with: 45
05-25 10:48:50 root 266:updating GUI with: 45
05-25 10:48:50 root 266:updating GUI with: 46
05-25 10:48:50 root 266:updating GUI with: 46
05-25 10:48:50 root 266:updating GUI with: 46
05-25 10:48:50 root 266:updating GUI with: 46
05-25 10:48:50 root 266:updating GUI with: 47
05-25 10:48:50 root 266:updating GUI with: 47
05-25 10:48:50 root 266:updating GUI with: 47
05-25 10:48:50 root 266:updating GUI with: 47
05-25 10:48:50 root 266:updating GUI with: 48
05-25 10:48:50 root 266:updating GUI with: 48
05-25 10:48:50 root 266:updating GUI with: 48
05-25 10:48:50 root 266:updating GUI with: 48
05-25 10:48:50 root 266:updating GUI with: 49
05-25 10:48:50 root 266:updating GUI with: 49
05-25 10:48:50 root 266:updating GUI with: 49
05-25 10:48:50 root 266:updating GUI with: 50
05-25 10:48:50 root 266:updating GUI with: 50
05-25 10:48:50 replicate_layout.replicatelayout 718:Replicating tracks on sheet ['Piezo-DACs', 'DAC_-Z']
05-25 10:48:50 root 266:updating GUI with: 50
05-25 10:48:50 root 266:updating GUI with: 50
05-25 10:48:50 root 266:updating GUI with: 50
05-25 10:48:50 root 266:updating GUI with: 51
05-25 10:48:50 root 266:updating GUI with: 51
05-25 10:48:50 root 266:updating GUI with: 51
05-25 10:48:50 root 266:updating GUI with: 51
05-25 10:48:50 root 266:updating GUI with: 52
05-25 10:48:50 root 266:updating GUI with: 52
05-25 10:48:50 root 266:updating GUI with: 52
05-25 10:48:50 root 266:updating GUI with: 52
05-25 10:48:50 root 266:updating GUI with: 53
05-25 10:48:50 root 266:updating GUI with: 53
05-25 10:48:50 root 266:updating GUI with: 53
05-25 10:48:50 root 266:updating GUI with: 53
05-25 10:48:50 root 266:updating GUI with: 54
05-25 10:48:50 root 266:updating GUI with: 54
05-25 10:48:50 root 266:updating GUI with: 54
05-25 10:48:50 root 266:updating GUI with: 54
05-25 10:48:50 root 266:updating GUI with: 55
05-25 10:48:50 root 266:updating GUI with: 55
05-25 10:48:50 root 266:updating GUI with: 55
05-25 10:48:50 root 266:updating GUI with: 55
05-25 10:48:50 root 266:updating GUI with: 56
05-25 10:48:50 root 266:updating GUI with: 56
05-25 10:48:50 root 266:updating GUI with: 56
05-25 10:48:51 root 266:updating GUI with: 56
05-25 10:48:51 root 266:updating GUI with: 57
05-25 10:48:51 root 266:updating GUI with: 57
05-25 10:48:51 root 266:updating GUI with: 57
05-25 10:48:51 root 266:updating GUI with: 57
05-25 10:48:51 root 266:updating GUI with: 58
05-25 10:48:51 root 266:updating GUI with: 58
05-25 10:48:51 root 266:updating GUI with: 58
05-25 10:48:51 root 266:updating GUI with: 58
05-25 10:48:51 root 266:updating GUI with: 59
05-25 10:48:51 root 266:updating GUI with: 59
05-25 10:48:51 root 266:updating GUI with: 59
05-25 10:48:51 root 266:updating GUI with: 59
05-25 10:48:51 root 266:updating GUI with: 60
05-25 10:48:51 root 266:updating GUI with: 60
05-25 10:48:51 root 266:updating GUI with: 60
05-25 10:48:51 root 266:updating GUI with: 60
05-25 10:48:51 root 266:updating GUI with: 61
05-25 10:48:51 root 266:updating GUI with: 61
05-25 10:48:51 root 266:updating GUI with: 61
05-25 10:48:51 root 266:updating GUI with: 61
05-25 10:48:51 root 266:updating GUI with: 62
05-25 10:48:51 root 266:updating GUI with: 62
05-25 10:48:51 root 266:updating GUI with: 62
05-25 10:48:51 root 266:updating GUI with: 62
05-25 10:48:51 root 266:updating GUI with: 63
05-25 10:48:51 root 266:updating GUI with: 63
05-25 10:48:51 root 266:updating GUI with: 63
05-25 10:48:51 root 266:updating GUI with: 63
05-25 10:48:51 root 266:updating GUI with: 64
05-25 10:48:51 root 266:updating GUI with: 64
05-25 10:48:51 root 266:updating GUI with: 64
05-25 10:48:51 root 266:updating GUI with: 64
05-25 10:48:51 root 266:updating GUI with: 65
05-25 10:48:51 root 266:updating GUI with: 65
05-25 10:48:51 root 266:updating GUI with: 65
05-25 10:48:51 root 266:updating GUI with: 65
05-25 10:48:51 root 266:updating GUI with: 66
05-25 10:48:51 root 266:updating GUI with: 66
05-25 10:48:51 root 266:updating GUI with: 66
05-25 10:48:51 root 266:updating GUI with: 66
05-25 10:48:51 root 266:updating GUI with: 67
05-25 10:48:51 root 266:updating GUI with: 67
05-25 10:48:51 root 266:updating GUI with: 67
05-25 10:48:52 root 266:updating GUI with: 67
05-25 10:48:52 root 266:updating GUI with: 68
05-25 10:48:52 root 266:updating GUI with: 68
05-25 10:48:52 root 266:updating GUI with: 68
05-25 10:48:52 root 266:updating GUI with: 68
05-25 10:48:52 root 266:updating GUI with: 69
05-25 10:48:52 root 266:updating GUI with: 69
05-25 10:48:52 root 266:updating GUI with: 69
05-25 10:48:52 root 266:updating GUI with: 69
05-25 10:48:52 root 266:updating GUI with: 70
05-25 10:48:52 root 266:updating GUI with: 70
05-25 10:48:52 root 266:updating GUI with: 70
05-25 10:48:52 root 266:updating GUI with: 70
05-25 10:48:52 root 266:updating GUI with: 71
05-25 10:48:52 root 266:updating GUI with: 71
05-25 10:48:52 root 266:updating GUI with: 71
05-25 10:48:52 root 266:updating GUI with: 71
05-25 10:48:52 root 266:updating GUI with: 72
05-25 10:48:52 root 266:updating GUI with: 72
05-25 10:48:52 root 266:updating GUI with: 72
05-25 10:48:52 root 266:updating GUI with: 72
05-25 10:48:52 root 266:updating GUI with: 73
05-25 10:48:52 root 266:updating GUI with: 73
05-25 10:48:52 root 266:updating GUI with: 73
05-25 10:48:52 root 266:updating GUI with: 73
05-25 10:48:52 root 266:updating GUI with: 74
05-25 10:48:52 root 266:updating GUI with: 74
05-25 10:48:52 root 266:updating GUI with: 74
05-25 10:48:52 root 266:updating GUI with: 74
05-25 10:48:52 root 266:updating GUI with: 75
05-25 10:48:52 root 266:updating GUI with: 75
05-25 10:48:52 root 266:updating GUI with: 75
05-25 10:48:52 root 266:updating GUI with: 76
05-25 10:48:52 root 266:updating GUI with: 76
05-25 10:48:52 root 266:updating GUI with: 76
05-25 10:48:52 root 266:updating GUI with: 76
05-25 10:48:52 root 266:updating GUI with: 77
05-25 10:48:52 root 266:updating GUI with: 77
05-25 10:48:52 root 266:updating GUI with: 77
05-25 10:48:52 root 266:updating GUI with: 77
05-25 10:48:52 root 266:updating GUI with: 78
05-25 10:48:52 root 266:updating GUI with: 78
05-25 10:48:52 root 266:updating GUI with: 78
05-25 10:48:52 root 266:updating GUI with: 78
05-25 10:48:52 root 266:updating GUI with: 79
05-25 10:48:52 root 266:updating GUI with: 79
05-25 10:48:52 root 266:updating GUI with: 79
05-25 10:48:52 root 266:updating GUI with: 79
05-25 10:48:52 root 266:updating GUI with: 80
05-25 10:48:52 root 266:updating GUI with: 80
05-25 10:48:52 root 266:updating GUI with: 80
05-25 10:48:52 root 266:updating GUI with: 80
05-25 10:48:52 root 266:updating GUI with: 81
05-25 10:48:53 root 266:updating GUI with: 81
05-25 10:48:53 root 266:updating GUI with: 81
05-25 10:48:53 root 266:updating GUI with: 81
05-25 10:48:53 root 266:updating GUI with: 82
05-25 10:48:53 root 266:updating GUI with: 82
05-25 10:48:53 root 266:updating GUI with: 82
05-25 10:48:53 root 266:updating GUI with: 82
05-25 10:48:53 root 266:updating GUI with: 83
05-25 10:48:53 root 266:updating GUI with: 83
05-25 10:48:53 root 266:updating GUI with: 83
05-25 10:48:53 root 266:updating GUI with: 83
05-25 10:48:53 root 266:updating GUI with: 84
05-25 10:48:53 root 266:updating GUI with: 84
05-25 10:48:53 root 266:updating GUI with: 84
05-25 10:48:53 root 266:updating GUI with: 84
05-25 10:48:53 root 266:updating GUI with: 85
05-25 10:48:53 root 266:updating GUI with: 85
05-25 10:48:53 root 266:updating GUI with: 85
05-25 10:48:53 root 266:updating GUI with: 85
05-25 10:48:53 root 266:updating GUI with: 86
05-25 10:48:53 root 266:updating GUI with: 86
05-25 10:48:53 root 266:updating GUI with: 86
05-25 10:48:53 root 266:updating GUI with: 86
05-25 10:48:53 root 266:updating GUI with: 87
05-25 10:48:53 root 266:updating GUI with: 87
05-25 10:48:53 root 266:updating GUI with: 87
05-25 10:48:53 root 266:updating GUI with: 87
05-25 10:48:53 root 266:updating GUI with: 88
05-25 10:48:53 root 266:updating GUI with: 88
05-25 10:48:53 root 266:updating GUI with: 88
05-25 10:48:53 root 266:updating GUI with: 88
05-25 10:48:53 root 266:updating GUI with: 89
05-25 10:48:53 root 266:updating GUI with: 89
05-25 10:48:53 root 266:updating GUI with: 89
05-25 10:48:53 root 266:updating GUI with: 89
05-25 10:48:53 root 266:updating GUI with: 90
05-25 10:48:53 root 266:updating GUI with: 90
05-25 10:48:53 root 266:updating GUI with: 90
05-25 10:48:53 root 266:updating GUI with: 90
05-25 10:48:53 root 266:updating GUI with: 91
05-25 10:48:53 root 266:updating GUI with: 91
05-25 10:48:53 root 266:updating GUI with: 91
05-25 10:48:53 root 266:updating GUI with: 91
05-25 10:48:53 root 266:updating GUI with: 92
05-25 10:48:53 root 266:updating GUI with: 92
05-25 10:48:53 root 266:updating GUI with: 92
05-25 10:48:53 root 266:updating GUI with: 92
05-25 10:48:53 root 266:updating GUI with: 93
05-25 10:48:54 root 266:updating GUI with: 93
05-25 10:48:54 root 266:updating GUI with: 93
05-25 10:48:54 root 266:updating GUI with: 93
05-25 10:48:54 root 266:updating GUI with: 94
05-25 10:48:54 root 266:updating GUI with: 94
05-25 10:48:54 root 266:updating GUI with: 94
05-25 10:48:54 root 266:updating GUI with: 94
05-25 10:48:54 root 266:updating GUI with: 95
05-25 10:48:54 root 266:updating GUI with: 95
05-25 10:48:54 root 266:updating GUI with: 95
05-25 10:48:54 root 266:updating GUI with: 95
05-25 10:48:54 root 266:updating GUI with: 96
05-25 10:48:54 root 266:updating GUI with: 96
05-25 10:48:54 root 266:updating GUI with: 96
05-25 10:48:54 root 266:updating GUI with: 96
05-25 10:48:54 root 266:updating GUI with: 97
05-25 10:48:54 root 266:updating GUI with: 97
05-25 10:48:54 root 266:updating GUI with: 97
05-25 10:48:54 root 266:updating GUI with: 97
05-25 10:48:54 root 266:updating GUI with: 98
05-25 10:48:54 root 266:updating GUI with: 98
05-25 10:48:54 root 266:updating GUI with: 98
05-25 10:48:54 root 266:updating GUI with: 98
05-25 10:48:54 root 266:updating GUI with: 99
05-25 10:48:54 root 266:updating GUI with: 99
05-25 10:48:54 root 266:updating GUI with: 99
05-25 10:48:54 root 266:updating GUI with: 99
05-25 10:48:54 root 261:updating GUI message: 'Replicating zones'
05-25 10:48:54 root 266:updating GUI with: 0
05-25 10:48:54 replicate_layout.replicatelayout 763:Replicating zones
05-25 10:48:54 root 266:updating GUI with: 0
05-25 10:48:54 replicate_layout.replicatelayout 770:Replicating zones on sheet ['Piezo-DACs', 'DAC-Y']
05-25 10:48:54 root 266:updating GUI with: 50
05-25 10:48:54 replicate_layout.replicatelayout 770:Replicating zones on sheet ['Piezo-DACs', 'DAC_-Z']
05-25 10:48:54 root 261:updating GUI message: 'Replicating text'
05-25 10:48:54 root 266:updating GUI with: 0
05-25 10:48:54 replicate_layout.replicatelayout 829:Replicating text
05-25 10:48:54 root 266:updating GUI with: 0
05-25 10:48:54 replicate_layout.replicatelayout 836:Replicating text on sheet ['Piezo-DACs', 'DAC-Y']
05-25 10:48:54 root 266:updating GUI with: 50
05-25 10:48:54 replicate_layout.replicatelayout 836:Replicating text on sheet ['Piezo-DACs', 'DAC_-Z']
05-25 10:48:54 root 261:updating GUI message: 'Replicating drawings'
05-25 10:48:54 root 266:updating GUI with: 0
05-25 10:48:54 replicate_layout.replicatelayout 860:Replicating drawings
05-25 10:48:54 root 266:updating GUI with: 0
05-25 10:48:54 replicate_layout.replicatelayout 866:Replicating drawings on sheet ['Piezo-DACs', 'DAC-Y']
05-25 10:48:54 root 266:updating GUI with: 50
05-25 10:48:54 replicate_layout.replicatelayout 866:Replicating drawings on sheet ['Piezo-DACs', 'DAC_-Z']
05-25 10:48:54 replicate_layout.action_replicate_layout 201:Replication complete
